<?xml version="1.0" encoding="UTF-8"?>
<!-- Generated by org.testng.reporters.JUnitXMLReporter -->
<testsuite ignored="4" hostname="Soumyajit" failures="1" tests="2" name="Test2" time="32.118" errors="0" timestamp="2022-03-18T11:19:34 IST">
  <testcase classname="com.crm.autodesk.campaignPOMTest.CreateCampaignWithMandatoryFieldsTest" name="createOrgWithMandatoryFields" time="6.141">
    <failure type="java.lang.AssertionError" message="null">
      <![CDATA[java.lang.AssertionError: null
at com.crm.autodesk.campaignPOMTest.CreateCampaignWithMandatoryFieldsTest.createOrgWithMandatoryFields(CreateCampaignWithMandatoryFieldsTest.java:90)
at java.base/java.util.ArrayList.forEach(ArrayList.java:1511)
at java.base/java.util.concurrent.FutureTask.run(FutureTask.java:264)
at java.base/java.util.concurrent.ThreadPoolExecutor.runWorker(ThreadPoolExecutor.java:1136)
at java.base/java.util.concurrent.ThreadPoolExecutor$Worker.run(ThreadPoolExecutor.java:635)
at java.base/java.lang.Thread.run(Thread.java:833)
... Removed 20 stack frames]]>
    </failure>
  </testcase> <!-- createOrgWithMandatoryFields -->
  <testcase classname="com.crm.autodesk.campaignPOMTest.CreateCampaignWithProductTest" name="createCampaignWithProduct" time="13.496"/>
  <testcase classname="com.crm.autodesk.commonutility.BaseClass" name="@BeforeSuite beforeSuite" time="0.0">
    <ignored/>
  </testcase> <!-- @BeforeSuite beforeSuite -->
  <testcase classname="com.crm.autodesk.commonutility.BaseClass" name="@BeforeTest beforeTest" time="0.0">
    <ignored/>
  </testcase> <!-- @BeforeTest beforeTest -->
  <testcase classname="com.crm.autodesk.commonutility.BaseClass" name="@AfterSuite afterSuite" time="0.0">
    <ignored/>
  </testcase> <!-- @AfterSuite afterSuite -->
  <testcase classname="com.crm.autodesk.commonutility.BaseClass" name="@AfterTest afterTest" time="0.0">
    <ignored/>
  </testcase> <!-- @AfterTest afterTest -->
</testsuite> <!-- Test2 -->
